<?xml version="1.0" encoding="UTF-8"?>
<!-- Generated by org.testng.reporters.JUnitXMLReporter -->
<testsuite ignored="10" hostname="DESKTOP-A6LNTTJ" failures="0" tests="1" name="Default test" time="0.087" errors="0" timestamp="2022-11-30T17:26:05 IST">
  <testcase classname="Fee.DataOperatorFeeTest" name="@BeforeSuite doLoginOperation" time="32.061">
    <failure type="org.openqa.selenium.SessionNotCreatedException" message="Could not start a new session. Response code 500. Message: An unknown server-side error occurred while processing the command. Original error: Could not find a connected Android device in 20002ms. 
Host info: host: &amp;apos;DESKTOP-A6LNTTJ&amp;apos;, ip: &amp;apos;20.0.8.170&amp;apos;
Build info: version: &amp;apos;4.6.0&amp;apos;, revision: &amp;apos;79f1c02ae20&amp;apos;
System info: os.name: &amp;apos;Windows 10&amp;apos;, os.arch: &amp;apos;amd64&amp;apos;, os.version: &amp;apos;10.0&amp;apos;, java.version: &amp;apos;17.0.5&amp;apos;
Driver info: io.appium.java_client.android.AndroidDriver
Command: [null, newSession {capabilities=[{appium:deviceName=Xiaomi 21091116AI, platformName=ANDROID, appium:automationName=UIAutomator2, appium:app=C:\Users\Brigosha_Guest\Documents\app-release.apk}], desiredCapabilities=Capabilities {appium:app: C:\Users\Brigosha_Guest\Doc..., appium:automationName: UIAutomator2, appium:deviceName: Xiaomi 21091116AI, platformName: ANDROID}}]
Capabilities {}">
      <![CDATA[org.openqa.selenium.SessionNotCreatedException: Could not start a new session. Response code 500. Message: An unknown server-side error occurred while processing the command. Original error: Could not find a connected Android device in 20002ms. 
Host info: host: 'DESKTOP-A6LNTTJ', ip: '20.0.8.170'
Build info: version: '4.6.0', revision: '79f1c02ae20'
System info: os.name: 'Windows 10', os.arch: 'amd64', os.version: '10.0', java.version: '17.0.5'
Driver info: io.appium.java_client.android.AndroidDriver
Command: [null, newSession {capabilities=[{appium:deviceName=Xiaomi 21091116AI, platformName=ANDROID, appium:automationName=UIAutomator2, appium:app=C:\Users\Brigosha_Guest\Documents\app-release.apk}], desiredCapabilities=Capabilities {appium:app: C:\Users\Brigosha_Guest\Doc..., appium:automationName: UIAutomator2, appium:deviceName: Xiaomi 21091116AI, platformName: ANDROID}}]
Capabilities {}
at org.openqa.selenium.remote.ProtocolHandshake.createSession(ProtocolHandshake.java:146)
at java.base/jdk.internal.reflect.NativeMethodAccessorImpl.invoke0(Native Method)
at java.base/jdk.internal.reflect.NativeMethodAccessorImpl.invoke(NativeMethodAccessorImpl.java:77)
at java.base/jdk.internal.reflect.DelegatingMethodAccessorImpl.invoke(DelegatingMethodAccessorImpl.java:43)
at java.base/java.lang.reflect.Method.invoke(Method.java:568)
at io.appium.java_client.remote.AppiumProtocolHandshake.createSession(AppiumProtocolHandshake.java:126)
at io.appium.java_client.remote.AppiumProtocolHandshake.createSession(AppiumProtocolHandshake.java:102)
at io.appium.java_client.remote.AppiumCommandExecutor.createSession(AppiumCommandExecutor.java:146)
at io.appium.java_client.remote.AppiumCommandExecutor.execute(AppiumCommandExecutor.java:180)
at org.openqa.selenium.remote.RemoteWebDriver.execute(RemoteWebDriver.java:541)
at io.appium.java_client.AppiumDriver.startSession(AppiumDriver.java:224)
at org.openqa.selenium.remote.RemoteWebDriver.<init>(RemoteWebDriver.java:157)
at io.appium.java_client.AppiumDriver.<init>(AppiumDriver.java:79)
at io.appium.java_client.AppiumDriver.<init>(AppiumDriver.java:87)
at io.appium.java_client.android.AndroidDriver.<init>(AndroidDriver.java:116)
at Android_BaseTest.AulasBaseTest.initilization(AulasBaseTest.java:161)
at Fee.DataOperatorFeeTest.doLoginOperation(DataOperatorFeeTest.java:31)
at java.base/jdk.internal.reflect.NativeMethodAccessorImpl.invoke0(Native Method)
at java.base/jdk.internal.reflect.NativeMethodAccessorImpl.invoke(NativeMethodAccessorImpl.java:77)
at java.base/jdk.internal.reflect.DelegatingMethodAccessorImpl.invoke(DelegatingMethodAccessorImpl.java:43)
at java.base/java.lang.reflect.Method.invoke(Method.java:568)
at org.testng.internal.MethodInvocationHelper.invokeMethod(MethodInvocationHelper.java:133)
at org.testng.internal.MethodInvocationHelper.invokeMethodConsideringTimeout(MethodInvocationHelper.java:62)
at org.testng.internal.ConfigInvoker.invokeConfigurationMethod(ConfigInvoker.java:385)
at org.testng.internal.ConfigInvoker.invokeConfigurations(ConfigInvoker.java:321)
at org.testng.SuiteRunner.privateRun(SuiteRunner.java:317)
at org.testng.SuiteRunner.run(SuiteRunner.java:276)
at org.testng.SuiteRunnerWorker.runSuite(SuiteRunnerWorker.java:53)
at org.testng.SuiteRunnerWorker.run(SuiteRunnerWorker.java:96)
at org.testng.TestNG.runSuitesSequentially(TestNG.java:1212)
at org.testng.TestNG.runSuitesLocally(TestNG.java:1134)
at org.testng.TestNG.runSuites(TestNG.java:1063)
at org.testng.TestNG.run(TestNG.java:1031)
at org.testng.remote.AbstractRemoteTestNG.run(AbstractRemoteTestNG.java:115)
at org.testng.remote.RemoteTestNG.initAndRun(RemoteTestNG.java:251)
at org.testng.remote.RemoteTestNG.main(RemoteTestNG.java:77)
]]>
    </failure>
  </testcase> <!-- @BeforeSuite doLoginOperation -->
  <testcase classname="Fee.DataOperatorFeeTest" name="validateSettings" time="0.0">
    <skipped/>
  </testcase> <!-- validateSettings -->
  <testcase classname="Fee.DataOperatorFeeTest" name="validateFeeViewMore" time="0.0">
    <ignored/>
  </testcase> <!-- validateFeeViewMore -->
  <testcase classname="Fee.DataOperatorFeeTest" name="validateAllStudentsOverview" time="0.0">
    <ignored/>
  </testcase> <!-- validateAllStudentsOverview -->
  <testcase classname="Fee.DataOperatorFeeTest" name="validateTransactionsTypeofpayment" time="0.0">
    <ignored/>
  </testcase> <!-- validateTransactionsTypeofpayment -->
  <testcase classname="Fee.DataOperatorFeeTest" name="validateTransactionsAddOfflinePayment" time="0.0">
    <ignored/>
  </testcase> <!-- validateTransactionsAddOfflinePayment -->
  <testcase classname="Fee.DataOperatorFeeTest" name="validateTransactionsInvoiceDownload" time="0.0">
    <ignored/>
  </testcase> <!-- validateTransactionsInvoiceDownload -->
  <testcase classname="Fee.DataOperatorFeeTest" name="validateGeneratePaymentRequestClass" time="0.0">
    <ignored/>
  </testcase> <!-- validateGeneratePaymentRequestClass -->
  <testcase classname="Fee.DataOperatorFeeTest" name="validateGeneratePaymentRequestIndividual" time="0.0">
    <ignored/>
  </testcase> <!-- validateGeneratePaymentRequestIndividual -->
  <testcase classname="Fee.DataOperatorFeeTest" name="validateAddOfflinePayment" time="0.0">
    <ignored/>
  </testcase> <!-- validateAddOfflinePayment -->
  <testcase classname="Fee.DataOperatorFeeTest" name="validateTransactionsPaymentDatefilter" time="0.0">
    <ignored/>
  </testcase> <!-- validateTransactionsPaymentDatefilter -->
  <testcase classname="Fee.DataOperatorFeeTest" name="validateRecentActivities" time="0.0">
    <ignored/>
  </testcase> <!-- validateRecentActivities -->
</testsuite> <!-- Default test -->
